Active GPU execution targets:  NONE
Link Time Optimization (LTO) is enabled for compiler clang
libpopcnt integration disabled
Using custom popcount implementation for GPU kernels
setop buffer size used: 32
bitvector tile used: 1024
clang -DNOGPU -fopenmp -Wall -Wextra -Iinclude -D_POSIX_C_SOURCE=199309L -std=c11 -fPIC -O3 -march=native -Wno-unused-function -Wno-unused-variable -Wno-unused-but-set-variable -DGPU_TILE_J=2048 -DGPU_ILP=16 -DCPU_TILE=4 -DBITVECTOR_TILE=1024 -DBUFFER_SIZE=32 -DOUTER_ROW_NUM=2 -DOUTER_COL_NUM=4 -DOUTER_VEC_BLK=2 -DBIT_SIMD_DIAGNOSTICS=1  -flto -DUSE_LIBPOPCNT=0 -DBUFFER_SIZE=32 -DBITVECTOR_TILE=1024 -c benchmark/openmp_bit_nogpu.c -o build/openmp_bit_nogpu.o
clang -DNOGPU -fopenmp -Wall -Wextra -Iinclude -D_POSIX_C_SOURCE=199309L -std=c11 -fPIC -O3 -march=native -Wno-unused-function -Wno-unused-variable -Wno-unused-but-set-variable -DGPU_TILE_J=2048 -DGPU_ILP=16 -DCPU_TILE=4 -DBITVECTOR_TILE=1024 -DBUFFER_SIZE=32 -DOUTER_ROW_NUM=2 -DOUTER_COL_NUM=4 -DOUTER_VEC_BLK=2 -DBIT_SIMD_DIAGNOSTICS=1  -flto -DUSE_LIBPOPCNT=0 -DBUFFER_SIZE=32 -DBITVECTOR_TILE=1024 -c benchmark/openmp_bit_helpers.c -o build/openmp_bit_helpers.o
clang -DNOGPU -fopenmp -Wall -Wextra -Iinclude -D_POSIX_C_SOURCE=199309L -std=c11 -fPIC -O3 -march=native -Wno-unused-function -Wno-unused-variable -Wno-unused-but-set-variable -DGPU_TILE_J=2048 -DGPU_ILP=16 -DCPU_TILE=4 -DBITVECTOR_TILE=1024 -DBUFFER_SIZE=32 -DOUTER_ROW_NUM=2 -DOUTER_COL_NUM=4 -DOUTER_VEC_BLK=2 -DBIT_SIMD_DIAGNOSTICS=1  -flto -DUSE_LIBPOPCNT=0 -DBUFFER_SIZE=32 -DBITVECTOR_TILE=1024 -c src/bit.c -o build/bit.o
In file included from src/bit.c:22:
include/simde_integration.h:131:1: warning: [bit] SIMD path selected: AVX-512 (SIMDe) [-W#pragma-messages]
  131 | BIT_SIMD_PRAGMA_MESSAGE(message("[bit] SIMD path selected: AVX-512 (SIMDe)"))
      | ^
include/simde_integration.h:129:38: note: expanded from macro 'BIT_SIMD_PRAGMA_MESSAGE'
  129 | #define BIT_SIMD_PRAGMA_MESSAGE(msg) _Pragma(#msg)
      |                                      ^
<scratch space>:13:2: note: expanded from here
   13 |  message("[bit] SIMD path selected: AVX-512 (SIMDe)")
      |  ^
src/bit.c:654:3: warning: comparison of integers of different signs: 'int' and 'unsigned int' [-Wsign-compare]
  654 |   setop_count_db_cpu(bit, bits, counts, _AND, opts);
      |   ^~~~~~~~~~~~~~~~~~~~~~~~~~~~~~~~~~~~~~~~~~~~~~~~~
src/bit_internal.h:733:5: note: expanded from macro 'setop_count_db_cpu'
  733 |     OMP_CPU_TILE_START_OUTER                                                   \
      |     ^~~~~~~~~~~~~~~~~~~~~~~~
src/bit_internal.h:644:25: note: expanded from macro 'OMP_CPU_TILE_START_OUTER'
  644 |   for (int i_b = 0; i_b < num_targets; i_b += CPU_TILE_BIT) {                  \
      |                     ~~~ ^ ~~~~~~~~~~~
src/bit.c:654:3: warning: comparison of integers of different signs: 'int' and 'unsigned int' [-Wsign-compare]
  654 |   setop_count_db_cpu(bit, bits, counts, _AND, opts);
      |   ^~~~~~~~~~~~~~~~~~~~~~~~~~~~~~~~~~~~~~~~~~~~~~~~~
src/bit_internal.h:733:5: note: expanded from macro 'setop_count_db_cpu'
  733 |     OMP_CPU_TILE_START_OUTER                                                   \
      |     ^~~~~~~~~~~~~~~~~~~~~~~~
src/bit_internal.h:645:27: note: expanded from macro 'OMP_CPU_TILE_START_OUTER'
  645 |     for (int j_b = 0; j_b < n; j_b += CPU_TILE_BITS) {                         \
      |                       ~~~ ^ ~
src/bit.c:654:3: warning: comparison of integers of different signs: 'int' and 'unsigned int' [-Wsign-compare]
  654 |   setop_count_db_cpu(bit, bits, counts, _AND, opts);
      |   ^~~~~~~~~~~~~~~~~~~~~~~~~~~~~~~~~~~~~~~~~~~~~~~~~
src/bit_internal.h:733:5: note: expanded from macro 'setop_count_db_cpu'
  733 |     OMP_CPU_TILE_START_OUTER                                                   \
      |     ^~~~~~~~~~~~~~~~~~~~~~~~
src/bit_internal.h:647:39: note: expanded from macro 'OMP_CPU_TILE_START_OUTER'
  647 |       int i_max = (i_b + CPU_TILE_BIT < num_targets) ? i_b + CPU_TILE_BIT      \
      |                    ~~~~~~~~~~~~~~~~~~ ^ ~~~~~~~~~~~
src/bit.c:654:3: warning: comparison of integers of different signs: 'int' and 'unsigned int' [-Wsign-compare]
  654 |   setop_count_db_cpu(bit, bits, counts, _AND, opts);
      |   ^~~~~~~~~~~~~~~~~~~~~~~~~~~~~~~~~~~~~~~~~~~~~~~~~
src/bit_internal.h:733:5: note: expanded from macro 'setop_count_db_cpu'
  733 |     OMP_CPU_TILE_START_OUTER                                                   \
      |     ^~~~~~~~~~~~~~~~~~~~~~~~
src/bit_internal.h:649:40: note: expanded from macro 'OMP_CPU_TILE_START_OUTER'
  649 |       int j_max = (j_b + CPU_TILE_BITS < n) ? j_b + CPU_TILE_BITS : n;         \
      |                    ~~~~~~~~~~~~~~~~~~~ ^ ~
src/bit.c:654:3: warning: comparison of integers of different signs: 'int' and 'unsigned int' [-Wsign-compare]
  654 |   setop_count_db_cpu(bit, bits, counts, _AND, opts);
      |   ^~~~~~~~~~~~~~~~~~~~~~~~~~~~~~~~~~~~~~~~~~~~~~~~~
src/bit_internal.h:739:7: note: expanded from macro 'setop_count_db_cpu'
  739 |       OMP_CPU_TILE_START_OUTER                                                 \
      |       ^~~~~~~~~~~~~~~~~~~~~~~~
src/bit_internal.h:644:25: note: expanded from macro 'OMP_CPU_TILE_START_OUTER'
  644 |   for (int i_b = 0; i_b < num_targets; i_b += CPU_TILE_BIT) {                  \
      |                     ~~~ ^ ~~~~~~~~~~~
src/bit.c:654:3: warning: comparison of integers of different signs: 'int' and 'unsigned int' [-Wsign-compare]
  654 |   setop_count_db_cpu(bit, bits, counts, _AND, opts);
      |   ^~~~~~~~~~~~~~~~~~~~~~~~~~~~~~~~~~~~~~~~~~~~~~~~~
src/bit_internal.h:739:7: note: expanded from macro 'setop_count_db_cpu'
  739 |       OMP_CPU_TILE_START_OUTER                                                 \
      |       ^~~~~~~~~~~~~~~~~~~~~~~~
src/bit_internal.h:645:27: note: expanded from macro 'OMP_CPU_TILE_START_OUTER'
  645 |     for (int j_b = 0; j_b < n; j_b += CPU_TILE_BITS) {                         \
      |                       ~~~ ^ ~
src/bit.c:654:3: warning: comparison of integers of different signs: 'int' and 'unsigned int' [-Wsign-compare]
  654 |   setop_count_db_cpu(bit, bits, counts, _AND, opts);
      |   ^~~~~~~~~~~~~~~~~~~~~~~~~~~~~~~~~~~~~~~~~~~~~~~~~
src/bit_internal.h:739:7: note: expanded from macro 'setop_count_db_cpu'
  739 |       OMP_CPU_TILE_START_OUTER                                                 \
      |       ^~~~~~~~~~~~~~~~~~~~~~~~
src/bit_internal.h:647:39: note: expanded from macro 'OMP_CPU_TILE_START_OUTER'
  647 |       int i_max = (i_b + CPU_TILE_BIT < num_targets) ? i_b + CPU_TILE_BIT      \
      |                    ~~~~~~~~~~~~~~~~~~ ^ ~~~~~~~~~~~
src/bit.c:654:3: warning: comparison of integers of different signs: 'int' and 'unsigned int' [-Wsign-compare]
  654 |   setop_count_db_cpu(bit, bits, counts, _AND, opts);
      |   ^~~~~~~~~~~~~~~~~~~~~~~~~~~~~~~~~~~~~~~~~~~~~~~~~
src/bit_internal.h:739:7: note: expanded from macro 'setop_count_db_cpu'
  739 |       OMP_CPU_TILE_START_OUTER                                                 \
      |       ^~~~~~~~~~~~~~~~~~~~~~~~
src/bit_internal.h:649:40: note: expanded from macro 'OMP_CPU_TILE_START_OUTER'
  649 |       int j_max = (j_b + CPU_TILE_BITS < n) ? j_b + CPU_TILE_BITS : n;         \
      |                    ~~~~~~~~~~~~~~~~~~~ ^ ~
src/bit.c:654:3: warning: comparison of integers of different signs: 'int' and 'unsigned int' [-Wsign-compare]
  654 |   setop_count_db_cpu(bit, bits, counts, _AND, opts);
      |   ^~~~~~~~~~~~~~~~~~~~~~~~~~~~~~~~~~~~~~~~~~~~~~~~~
src/bit_internal.h:744:7: note: expanded from macro 'setop_count_db_cpu'
  744 |       OMP_CPU_TILE_START_OUTER                                                 \
      |       ^~~~~~~~~~~~~~~~~~~~~~~~
src/bit_internal.h:644:25: note: expanded from macro 'OMP_CPU_TILE_START_OUTER'
  644 |   for (int i_b = 0; i_b < num_targets; i_b += CPU_TILE_BIT) {                  \
      |                     ~~~ ^ ~~~~~~~~~~~
src/bit.c:654:3: warning: comparison of integers of different signs: 'int' and 'unsigned int' [-Wsign-compare]
  654 |   setop_count_db_cpu(bit, bits, counts, _AND, opts);
      |   ^~~~~~~~~~~~~~~~~~~~~~~~~~~~~~~~~~~~~~~~~~~~~~~~~
src/bit_internal.h:744:7: note: expanded from macro 'setop_count_db_cpu'
  744 |       OMP_CPU_TILE_START_OUTER                                                 \
      |       ^~~~~~~~~~~~~~~~~~~~~~~~
src/bit_internal.h:645:27: note: expanded from macro 'OMP_CPU_TILE_START_OUTER'
  645 |     for (int j_b = 0; j_b < n; j_b += CPU_TILE_BITS) {                         \
      |                       ~~~ ^ ~
src/bit.c:654:3: warning: comparison of integers of different signs: 'int' and 'unsigned int' [-Wsign-compare]
  654 |   setop_count_db_cpu(bit, bits, counts, _AND, opts);
      |   ^~~~~~~~~~~~~~~~~~~~~~~~~~~~~~~~~~~~~~~~~~~~~~~~~
src/bit_internal.h:744:7: note: expanded from macro 'setop_count_db_cpu'
  744 |       OMP_CPU_TILE_START_OUTER                                                 \
      |       ^~~~~~~~~~~~~~~~~~~~~~~~
src/bit_internal.h:647:39: note: expanded from macro 'OMP_CPU_TILE_START_OUTER'
  647 |       int i_max = (i_b + CPU_TILE_BIT < num_targets) ? i_b + CPU_TILE_BIT      \
      |                    ~~~~~~~~~~~~~~~~~~ ^ ~~~~~~~~~~~
src/bit.c:654:3: warning: comparison of integers of different signs: 'int' and 'unsigned int' [-Wsign-compare]
  654 |   setop_count_db_cpu(bit, bits, counts, _AND, opts);
      |   ^~~~~~~~~~~~~~~~~~~~~~~~~~~~~~~~~~~~~~~~~~~~~~~~~
src/bit_internal.h:744:7: note: expanded from macro 'setop_count_db_cpu'
  744 |       OMP_CPU_TILE_START_OUTER                                                 \
      |       ^~~~~~~~~~~~~~~~~~~~~~~~
src/bit_internal.h:649:40: note: expanded from macro 'OMP_CPU_TILE_START_OUTER'
  649 |       int j_max = (j_b + CPU_TILE_BITS < n) ? j_b + CPU_TILE_BITS : n;         \
      |                    ~~~~~~~~~~~~~~~~~~~ ^ ~
src/bit.c:667:3: warning: comparison of integers of different signs: 'int' and 'unsigned int' [-Wsign-compare]
  667 |   setop_count_db_cpu(bit, bits, counts, _OR, opts);
      |   ^~~~~~~~~~~~~~~~~~~~~~~~~~~~~~~~~~~~~~~~~~~~~~~~
src/bit_internal.h:733:5: note: expanded from macro 'setop_count_db_cpu'
  733 |     OMP_CPU_TILE_START_OUTER                                                   \
      |     ^~~~~~~~~~~~~~~~~~~~~~~~
src/bit_internal.h:644:25: note: expanded from macro 'OMP_CPU_TILE_START_OUTER'
  644 |   for (int i_b = 0; i_b < num_targets; i_b += CPU_TILE_BIT) {                  \
      |                     ~~~ ^ ~~~~~~~~~~~
src/bit.c:667:3: warning: comparison of integers of different signs: 'int' and 'unsigned int' [-Wsign-compare]
  667 |   setop_count_db_cpu(bit, bits, counts, _OR, opts);
      |   ^~~~~~~~~~~~~~~~~~~~~~~~~~~~~~~~~~~~~~~~~~~~~~~~
src/bit_internal.h:733:5: note: expanded from macro 'setop_count_db_cpu'
  733 |     OMP_CPU_TILE_START_OUTER                                                   \
      |     ^~~~~~~~~~~~~~~~~~~~~~~~
src/bit_internal.h:645:27: note: expanded from macro 'OMP_CPU_TILE_START_OUTER'
  645 |     for (int j_b = 0; j_b < n; j_b += CPU_TILE_BITS) {                         \
      |                       ~~~ ^ ~
src/bit.c:667:3: warning: comparison of integers of different signs: 'int' and 'unsigned int' [-Wsign-compare]
  667 |   setop_count_db_cpu(bit, bits, counts, _OR, opts);
      |   ^~~~~~~~~~~~~~~~~~~~~~~~~~~~~~~~~~~~~~~~~~~~~~~~
src/bit_internal.h:733:5: note: expanded from macro 'setop_count_db_cpu'
  733 |     OMP_CPU_TILE_START_OUTER                                                   \
      |     ^~~~~~~~~~~~~~~~~~~~~~~~
src/bit_internal.h:647:39: note: expanded from macro 'OMP_CPU_TILE_START_OUTER'
  647 |       int i_max = (i_b + CPU_TILE_BIT < num_targets) ? i_b + CPU_TILE_BIT      \
      |                    ~~~~~~~~~~~~~~~~~~ ^ ~~~~~~~~~~~
src/bit.c:667:3: warning: comparison of integers of different signs: 'int' and 'unsigned int' [-Wsign-compare]
  667 |   setop_count_db_cpu(bit, bits, counts, _OR, opts);
      |   ^~~~~~~~~~~~~~~~~~~~~~~~~~~~~~~~~~~~~~~~~~~~~~~~
src/bit_internal.h:733:5: note: expanded from macro 'setop_count_db_cpu'
  733 |     OMP_CPU_TILE_START_OUTER                                                   \
      |     ^~~~~~~~~~~~~~~~~~~~~~~~
src/bit_internal.h:649:40: note: expanded from macro 'OMP_CPU_TILE_START_OUTER'
  649 |       int j_max = (j_b + CPU_TILE_BITS < n) ? j_b + CPU_TILE_BITS : n;         \
      |                    ~~~~~~~~~~~~~~~~~~~ ^ ~
src/bit.c:667:3: warning: comparison of integers of different signs: 'int' and 'unsigned int' [-Wsign-compare]
  667 |   setop_count_db_cpu(bit, bits, counts, _OR, opts);
      |   ^~~~~~~~~~~~~~~~~~~~~~~~~~~~~~~~~~~~~~~~~~~~~~~~
src/bit_internal.h:739:7: note: expanded from macro 'setop_count_db_cpu'
  739 |       OMP_CPU_TILE_START_OUTER                                                 \
      |       ^~~~~~~~~~~~~~~~~~~~~~~~
src/bit_internal.h:644:25: note: expanded from macro 'OMP_CPU_TILE_START_OUTER'
  644 |   for (int i_b = 0; i_b < num_targets; i_b += CPU_TILE_BIT) {                  \
      |                     ~~~ ^ ~~~~~~~~~~~
src/bit.c:667:3: warning: comparison of integers of different signs: 'int' and 'unsigned int' [-Wsign-compare]
  667 |   setop_count_db_cpu(bit, bits, counts, _OR, opts);
      |   ^~~~~~~~~~~~~~~~~~~~~~~~~~~~~~~~~~~~~~~~~~~~~~~~
src/bit_internal.h:739:7: note: expanded from macro 'setop_count_db_cpu'
  739 |       OMP_CPU_TILE_START_OUTER                                                 \
      |       ^~~~~~~~~~~~~~~~~~~~~~~~
src/bit_internal.h:645:27: note: expanded from macro 'OMP_CPU_TILE_START_OUTER'
  645 |     for (int j_b = 0; j_b < n; j_b += CPU_TILE_BITS) {                         \
      |                       ~~~ ^ ~
src/bit.c:667:3: warning: comparison of integers of different signs: 'int' and 'unsigned int' [-Wsign-compare]
  667 |   setop_count_db_cpu(bit, bits, counts, _OR, opts);
      |   ^~~~~~~~~~~~~~~~~~~~~~~~~~~~~~~~~~~~~~~~~~~~~~~~
src/bit_internal.h:739:7: note: expanded from macro 'setop_count_db_cpu'
  739 |       OMP_CPU_TILE_START_OUTER                                                 \
      |       ^~~~~~~~~~~~~~~~~~~~~~~~
src/bit_internal.h:647:39: note: expanded from macro 'OMP_CPU_TILE_START_OUTER'
  647 |       int i_max = (i_b + CPU_TILE_BIT < num_targets) ? i_b + CPU_TILE_BIT      \
      |                    ~~~~~~~~~~~~~~~~~~ ^ ~~~~~~~~~~~
src/bit.c:667:3: warning: comparison of integers of different signs: 'int' and 'unsigned int' [-Wsign-compare]
  667 |   setop_count_db_cpu(bit, bits, counts, _OR, opts);
      |   ^~~~~~~~~~~~~~~~~~~~~~~~~~~~~~~~~~~~~~~~~~~~~~~~
src/bit_internal.h:739:7: note: expanded from macro 'setop_count_db_cpu'
  739 |       OMP_CPU_TILE_START_OUTER                                                 \
      |       ^~~~~~~~~~~~~~~~~~~~~~~~
src/bit_internal.h:649:40: note: expanded from macro 'OMP_CPU_TILE_START_OUTER'
  649 |       int j_max = (j_b + CPU_TILE_BITS < n) ? j_b + CPU_TILE_BITS : n;         \
      |                    ~~~~~~~~~~~~~~~~~~~ ^ ~
src/bit.c:667:3: warning: comparison of integers of different signs: 'int' and 'unsigned int' [-Wsign-compare]
  667 |   setop_count_db_cpu(bit, bits, counts, _OR, opts);
      |   ^~~~~~~~~~~~~~~~~~~~~~~~~~~~~~~~~~~~~~~~~~~~~~~~
src/bit_internal.h:744:7: note: expanded from macro 'setop_count_db_cpu'
  744 |       OMP_CPU_TILE_START_OUTER                                                 \
      |       ^~~~~~~~~~~~~~~~~~~~~~~~
src/bit_internal.h:644:25: note: expanded from macro 'OMP_CPU_TILE_START_OUTER'
  644 |   for (int i_b = 0; i_b < num_targets; i_b += CPU_TILE_BIT) {                  \
      |                     ~~~ ^ ~~~~~~~~~~~
src/bit.c:667:3: warning: comparison of integers of different signs: 'int' and 'unsigned int' [-Wsign-compare]
  667 |   setop_count_db_cpu(bit, bits, counts, _OR, opts);
      |   ^~~~~~~~~~~~~~~~~~~~~~~~~~~~~~~~~~~~~~~~~~~~~~~~
src/bit_internal.h:744:7: note: expanded from macro 'setop_count_db_cpu'
  744 |       OMP_CPU_TILE_START_OUTER                                                 \
      |       ^~~~~~~~~~~~~~~~~~~~~~~~
src/bit_internal.h:645:27: note: expanded from macro 'OMP_CPU_TILE_START_OUTER'
  645 |     for (int j_b = 0; j_b < n; j_b += CPU_TILE_BITS) {                         \
      |                       ~~~ ^ ~
src/bit.c:667:3: warning: comparison of integers of different signs: 'int' and 'unsigned int' [-Wsign-compare]
  667 |   setop_count_db_cpu(bit, bits, counts, _OR, opts);
      |   ^~~~~~~~~~~~~~~~~~~~~~~~~~~~~~~~~~~~~~~~~~~~~~~~
src/bit_internal.h:744:7: note: expanded from macro 'setop_count_db_cpu'
  744 |       OMP_CPU_TILE_START_OUTER                                                 \
      |       ^~~~~~~~~~~~~~~~~~~~~~~~
src/bit_internal.h:647:39: note: expanded from macro 'OMP_CPU_TILE_START_OUTER'
  647 |       int i_max = (i_b + CPU_TILE_BIT < num_targets) ? i_b + CPU_TILE_BIT      \
      |                    ~~~~~~~~~~~~~~~~~~ ^ ~~~~~~~~~~~
src/bit.c:667:3: warning: comparison of integers of different signs: 'int' and 'unsigned int' [-Wsign-compare]
  667 |   setop_count_db_cpu(bit, bits, counts, _OR, opts);
      |   ^~~~~~~~~~~~~~~~~~~~~~~~~~~~~~~~~~~~~~~~~~~~~~~~
src/bit_internal.h:744:7: note: expanded from macro 'setop_count_db_cpu'
  744 |       OMP_CPU_TILE_START_OUTER                                                 \
      |       ^~~~~~~~~~~~~~~~~~~~~~~~
src/bit_internal.h:649:40: note: expanded from macro 'OMP_CPU_TILE_START_OUTER'
  649 |       int j_max = (j_b + CPU_TILE_BITS < n) ? j_b + CPU_TILE_BITS : n;         \
      |                    ~~~~~~~~~~~~~~~~~~~ ^ ~
src/bit.c:680:3: warning: comparison of integers of different signs: 'int' and 'unsigned int' [-Wsign-compare]
  680 |   setop_count_db_cpu(bit, bits, counts, _XOR, opts);
      |   ^~~~~~~~~~~~~~~~~~~~~~~~~~~~~~~~~~~~~~~~~~~~~~~~~
src/bit_internal.h:733:5: note: expanded from macro 'setop_count_db_cpu'
  733 |     OMP_CPU_TILE_START_OUTER                                                   \
      |     ^~~~~~~~~~~~~~~~~~~~~~~~
src/bit_internal.h:644:25: note: expanded from macro 'OMP_CPU_TILE_START_OUTER'
  644 |   for (int i_b = 0; i_b < num_targets; i_b += CPU_TILE_BIT) {                  \
      |                     ~~~ ^ ~~~~~~~~~~~
src/bit.c:680:3: warning: comparison of integers of different signs: 'int' and 'unsigned int' [-Wsign-compare]
  680 |   setop_count_db_cpu(bit, bits, counts, _XOR, opts);
      |   ^~~~~~~~~~~~~~~~~~~~~~~~~~~~~~~~~~~~~~~~~~~~~~~~~
src/bit_internal.h:733:5: note: expanded from macro 'setop_count_db_cpu'
  733 |     OMP_CPU_TILE_START_OUTER                                                   \
      |     ^~~~~~~~~~~~~~~~~~~~~~~~
src/bit_internal.h:645:27: note: expanded from macro 'OMP_CPU_TILE_START_OUTER'
  645 |     for (int j_b = 0; j_b < n; j_b += CPU_TILE_BITS) {                         \
      |                       ~~~ ^ ~
src/bit.c:680:3: warning: comparison of integers of different signs: 'int' and 'unsigned int' [-Wsign-compare]
  680 |   setop_count_db_cpu(bit, bits, counts, _XOR, opts);
      |   ^~~~~~~~~~~~~~~~~~~~~~~~~~~~~~~~~~~~~~~~~~~~~~~~~
src/bit_internal.h:733:5: note: expanded from macro 'setop_count_db_cpu'
  733 |     OMP_CPU_TILE_START_OUTER                                                   \
      |     ^~~~~~~~~~~~~~~~~~~~~~~~
src/bit_internal.h:647:39: note: expanded from macro 'OMP_CPU_TILE_START_OUTER'
  647 |       int i_max = (i_b + CPU_TILE_BIT < num_targets) ? i_b + CPU_TILE_BIT      \
      |                    ~~~~~~~~~~~~~~~~~~ ^ ~~~~~~~~~~~
src/bit.c:680:3: warning: comparison of integers of different signs: 'int' and 'unsigned int' [-Wsign-compare]
  680 |   setop_count_db_cpu(bit, bits, counts, _XOR, opts);
      |   ^~~~~~~~~~~~~~~~~~~~~~~~~~~~~~~~~~~~~~~~~~~~~~~~~
src/bit_internal.h:733:5: note: expanded from macro 'setop_count_db_cpu'
  733 |     OMP_CPU_TILE_START_OUTER                                                   \
      |     ^~~~~~~~~~~~~~~~~~~~~~~~
src/bit_internal.h:649:40: note: expanded from macro 'OMP_CPU_TILE_START_OUTER'
  649 |       int j_max = (j_b + CPU_TILE_BITS < n) ? j_b + CPU_TILE_BITS : n;         \
      |                    ~~~~~~~~~~~~~~~~~~~ ^ ~
src/bit.c:680:3: warning: comparison of integers of different signs: 'int' and 'unsigned int' [-Wsign-compare]
  680 |   setop_count_db_cpu(bit, bits, counts, _XOR, opts);
      |   ^~~~~~~~~~~~~~~~~~~~~~~~~~~~~~~~~~~~~~~~~~~~~~~~~
src/bit_internal.h:739:7: note: expanded from macro 'setop_count_db_cpu'
  739 |       OMP_CPU_TILE_START_OUTER                                                 \
      |       ^~~~~~~~~~~~~~~~~~~~~~~~
src/bit_internal.h:644:25: note: expanded from macro 'OMP_CPU_TILE_START_OUTER'
  644 |   for (int i_b = 0; i_b < num_targets; i_b += CPU_TILE_BIT) {                  \
      |                     ~~~ ^ ~~~~~~~~~~~
src/bit.c:680:3: warning: comparison of integers of different signs: 'int' and 'unsigned int' [-Wsign-compare]
  680 |   setop_count_db_cpu(bit, bits, counts, _XOR, opts);
      |   ^~~~~~~~~~~~~~~~~~~~~~~~~~~~~~~~~~~~~~~~~~~~~~~~~
src/bit_internal.h:739:7: note: expanded from macro 'setop_count_db_cpu'
  739 |       OMP_CPU_TILE_START_OUTER                                                 \
      |       ^~~~~~~~~~~~~~~~~~~~~~~~
src/bit_internal.h:645:27: note: expanded from macro 'OMP_CPU_TILE_START_OUTER'
  645 |     for (int j_b = 0; j_b < n; j_b += CPU_TILE_BITS) {                         \
      |                       ~~~ ^ ~
src/bit.c:680:3: warning: comparison of integers of different signs: 'int' and 'unsigned int' [-Wsign-compare]
  680 |   setop_count_db_cpu(bit, bits, counts, _XOR, opts);
      |   ^~~~~~~~~~~~~~~~~~~~~~~~~~~~~~~~~~~~~~~~~~~~~~~~~
src/bit_internal.h:739:7: note: expanded from macro 'setop_count_db_cpu'
  739 |       OMP_CPU_TILE_START_OUTER                                                 \
      |       ^~~~~~~~~~~~~~~~~~~~~~~~
src/bit_internal.h:647:39: note: expanded from macro 'OMP_CPU_TILE_START_OUTER'
  647 |       int i_max = (i_b + CPU_TILE_BIT < num_targets) ? i_b + CPU_TILE_BIT      \
      |                    ~~~~~~~~~~~~~~~~~~ ^ ~~~~~~~~~~~
src/bit.c:680:3: warning: comparison of integers of different signs: 'int' and 'unsigned int' [-Wsign-compare]
  680 |   setop_count_db_cpu(bit, bits, counts, _XOR, opts);
      |   ^~~~~~~~~~~~~~~~~~~~~~~~~~~~~~~~~~~~~~~~~~~~~~~~~
src/bit_internal.h:739:7: note: expanded from macro 'setop_count_db_cpu'
  739 |       OMP_CPU_TILE_START_OUTER                                                 \
      |       ^~~~~~~~~~~~~~~~~~~~~~~~
src/bit_internal.h:649:40: note: expanded from macro 'OMP_CPU_TILE_START_OUTER'
  649 |       int j_max = (j_b + CPU_TILE_BITS < n) ? j_b + CPU_TILE_BITS : n;         \
      |                    ~~~~~~~~~~~~~~~~~~~ ^ ~
src/bit.c:680:3: warning: comparison of integers of different signs: 'int' and 'unsigned int' [-Wsign-compare]
  680 |   setop_count_db_cpu(bit, bits, counts, _XOR, opts);
      |   ^~~~~~~~~~~~~~~~~~~~~~~~~~~~~~~~~~~~~~~~~~~~~~~~~
src/bit_internal.h:744:7: note: expanded from macro 'setop_count_db_cpu'
  744 |       OMP_CPU_TILE_START_OUTER                                                 \
      |       ^~~~~~~~~~~~~~~~~~~~~~~~
src/bit_internal.h:644:25: note: expanded from macro 'OMP_CPU_TILE_START_OUTER'
  644 |   for (int i_b = 0; i_b < num_targets; i_b += CPU_TILE_BIT) {                  \
      |                     ~~~ ^ ~~~~~~~~~~~
src/bit.c:680:3: warning: comparison of integers of different signs: 'int' and 'unsigned int' [-Wsign-compare]
  680 |   setop_count_db_cpu(bit, bits, counts, _XOR, opts);
      |   ^~~~~~~~~~~~~~~~~~~~~~~~~~~~~~~~~~~~~~~~~~~~~~~~~
src/bit_internal.h:744:7: note: expanded from macro 'setop_count_db_cpu'
  744 |       OMP_CPU_TILE_START_OUTER                                                 \
      |       ^~~~~~~~~~~~~~~~~~~~~~~~
src/bit_internal.h:645:27: note: expanded from macro 'OMP_CPU_TILE_START_OUTER'
  645 |     for (int j_b = 0; j_b < n; j_b += CPU_TILE_BITS) {                         \
      |                       ~~~ ^ ~
src/bit.c:680:3: warning: comparison of integers of different signs: 'int' and 'unsigned int' [-Wsign-compare]
  680 |   setop_count_db_cpu(bit, bits, counts, _XOR, opts);
      |   ^~~~~~~~~~~~~~~~~~~~~~~~~~~~~~~~~~~~~~~~~~~~~~~~~
src/bit_internal.h:744:7: note: expanded from macro 'setop_count_db_cpu'
  744 |       OMP_CPU_TILE_START_OUTER                                                 \
      |       ^~~~~~~~~~~~~~~~~~~~~~~~
src/bit_internal.h:647:39: note: expanded from macro 'OMP_CPU_TILE_START_OUTER'
  647 |       int i_max = (i_b + CPU_TILE_BIT < num_targets) ? i_b + CPU_TILE_BIT      \
      |                    ~~~~~~~~~~~~~~~~~~ ^ ~~~~~~~~~~~
src/bit.c:680:3: warning: comparison of integers of different signs: 'int' and 'unsigned int' [-Wsign-compare]
  680 |   setop_count_db_cpu(bit, bits, counts, _XOR, opts);
      |   ^~~~~~~~~~~~~~~~~~~~~~~~~~~~~~~~~~~~~~~~~~~~~~~~~
src/bit_internal.h:744:7: note: expanded from macro 'setop_count_db_cpu'
  744 |       OMP_CPU_TILE_START_OUTER                                                 \
      |       ^~~~~~~~~~~~~~~~~~~~~~~~
src/bit_internal.h:649:40: note: expanded from macro 'OMP_CPU_TILE_START_OUTER'
  649 |       int j_max = (j_b + CPU_TILE_BITS < n) ? j_b + CPU_TILE_BITS : n;         \
      |                    ~~~~~~~~~~~~~~~~~~~ ^ ~
src/bit.c:693:3: warning: comparison of integers of different signs: 'int' and 'unsigned int' [-Wsign-compare]
  693 |   setop_count_db_cpu(bit, bits, counts, _AND_NOT, opts);
      |   ^~~~~~~~~~~~~~~~~~~~~~~~~~~~~~~~~~~~~~~~~~~~~~~~~~~~~
src/bit_internal.h:733:5: note: expanded from macro 'setop_count_db_cpu'
  733 |     OMP_CPU_TILE_START_OUTER                                                   \
      |     ^~~~~~~~~~~~~~~~~~~~~~~~
src/bit_internal.h:644:25: note: expanded from macro 'OMP_CPU_TILE_START_OUTER'
  644 |   for (int i_b = 0; i_b < num_targets; i_b += CPU_TILE_BIT) {                  \
      |                     ~~~ ^ ~~~~~~~~~~~
src/bit.c:693:3: warning: comparison of integers of different signs: 'int' and 'unsigned int' [-Wsign-compare]
  693 |   setop_count_db_cpu(bit, bits, counts, _AND_NOT, opts);
      |   ^~~~~~~~~~~~~~~~~~~~~~~~~~~~~~~~~~~~~~~~~~~~~~~~~~~~~
src/bit_internal.h:733:5: note: expanded from macro 'setop_count_db_cpu'
  733 |     OMP_CPU_TILE_START_OUTER                                                   \
      |     ^~~~~~~~~~~~~~~~~~~~~~~~
src/bit_internal.h:645:27: note: expanded from macro 'OMP_CPU_TILE_START_OUTER'
  645 |     for (int j_b = 0; j_b < n; j_b += CPU_TILE_BITS) {                         \
      |                       ~~~ ^ ~
src/bit.c:693:3: warning: comparison of integers of different signs: 'int' and 'unsigned int' [-Wsign-compare]
  693 |   setop_count_db_cpu(bit, bits, counts, _AND_NOT, opts);
      |   ^~~~~~~~~~~~~~~~~~~~~~~~~~~~~~~~~~~~~~~~~~~~~~~~~~~~~
src/bit_internal.h:733:5: note: expanded from macro 'setop_count_db_cpu'
  733 |     OMP_CPU_TILE_START_OUTER                                                   \
      |     ^~~~~~~~~~~~~~~~~~~~~~~~
src/bit_internal.h:647:39: note: expanded from macro 'OMP_CPU_TILE_START_OUTER'
  647 |       int i_max = (i_b + CPU_TILE_BIT < num_targets) ? i_b + CPU_TILE_BIT      \
      |                    ~~~~~~~~~~~~~~~~~~ ^ ~~~~~~~~~~~
src/bit.c:693:3: warning: comparison of integers of different signs: 'int' and 'unsigned int' [-Wsign-compare]
  693 |   setop_count_db_cpu(bit, bits, counts, _AND_NOT, opts);
      |   ^~~~~~~~~~~~~~~~~~~~~~~~~~~~~~~~~~~~~~~~~~~~~~~~~~~~~
src/bit_internal.h:733:5: note: expanded from macro 'setop_count_db_cpu'
  733 |     OMP_CPU_TILE_START_OUTER                                                   \
      |     ^~~~~~~~~~~~~~~~~~~~~~~~
src/bit_internal.h:649:40: note: expanded from macro 'OMP_CPU_TILE_START_OUTER'
  649 |       int j_max = (j_b + CPU_TILE_BITS < n) ? j_b + CPU_TILE_BITS : n;         \
      |                    ~~~~~~~~~~~~~~~~~~~ ^ ~
src/bit.c:693:3: warning: comparison of integers of different signs: 'int' and 'unsigned int' [-Wsign-compare]
  693 |   setop_count_db_cpu(bit, bits, counts, _AND_NOT, opts);
      |   ^~~~~~~~~~~~~~~~~~~~~~~~~~~~~~~~~~~~~~~~~~~~~~~~~~~~~
src/bit_internal.h:739:7: note: expanded from macro 'setop_count_db_cpu'
  739 |       OMP_CPU_TILE_START_OUTER                                                 \
      |       ^~~~~~~~~~~~~~~~~~~~~~~~
src/bit_internal.h:644:25: note: expanded from macro 'OMP_CPU_TILE_START_OUTER'
  644 |   for (int i_b = 0; i_b < num_targets; i_b += CPU_TILE_BIT) {                  \
      |                     ~~~ ^ ~~~~~~~~~~~
src/bit.c:693:3: warning: comparison of integers of different signs: 'int' and 'unsigned int' [-Wsign-compare]
  693 |   setop_count_db_cpu(bit, bits, counts, _AND_NOT, opts);
      |   ^~~~~~~~~~~~~~~~~~~~~~~~~~~~~~~~~~~~~~~~~~~~~~~~~~~~~
src/bit_internal.h:739:7: note: expanded from macro 'setop_count_db_cpu'
  739 |       OMP_CPU_TILE_START_OUTER                                                 \
      |       ^~~~~~~~~~~~~~~~~~~~~~~~
src/bit_internal.h:645:27: note: expanded from macro 'OMP_CPU_TILE_START_OUTER'
  645 |     for (int j_b = 0; j_b < n; j_b += CPU_TILE_BITS) {                         \
      |                       ~~~ ^ ~
src/bit.c:693:3: warning: comparison of integers of different signs: 'int' and 'unsigned int' [-Wsign-compare]
  693 |   setop_count_db_cpu(bit, bits, counts, _AND_NOT, opts);
      |   ^~~~~~~~~~~~~~~~~~~~~~~~~~~~~~~~~~~~~~~~~~~~~~~~~~~~~
src/bit_internal.h:739:7: note: expanded from macro 'setop_count_db_cpu'
  739 |       OMP_CPU_TILE_START_OUTER                                                 \
      |       ^~~~~~~~~~~~~~~~~~~~~~~~
src/bit_internal.h:647:39: note: expanded from macro 'OMP_CPU_TILE_START_OUTER'
  647 |       int i_max = (i_b + CPU_TILE_BIT < num_targets) ? i_b + CPU_TILE_BIT      \
      |                    ~~~~~~~~~~~~~~~~~~ ^ ~~~~~~~~~~~
src/bit.c:693:3: warning: comparison of integers of different signs: 'int' and 'unsigned int' [-Wsign-compare]
  693 |   setop_count_db_cpu(bit, bits, counts, _AND_NOT, opts);
      |   ^~~~~~~~~~~~~~~~~~~~~~~~~~~~~~~~~~~~~~~~~~~~~~~~~~~~~
src/bit_internal.h:739:7: note: expanded from macro 'setop_count_db_cpu'
  739 |       OMP_CPU_TILE_START_OUTER                                                 \
      |       ^~~~~~~~~~~~~~~~~~~~~~~~
src/bit_internal.h:649:40: note: expanded from macro 'OMP_CPU_TILE_START_OUTER'
  649 |       int j_max = (j_b + CPU_TILE_BITS < n) ? j_b + CPU_TILE_BITS : n;         \
      |                    ~~~~~~~~~~~~~~~~~~~ ^ ~
src/bit.c:693:3: warning: comparison of integers of different signs: 'int' and 'unsigned int' [-Wsign-compare]
  693 |   setop_count_db_cpu(bit, bits, counts, _AND_NOT, opts);
      |   ^~~~~~~~~~~~~~~~~~~~~~~~~~~~~~~~~~~~~~~~~~~~~~~~~~~~~
src/bit_internal.h:744:7: note: expanded from macro 'setop_count_db_cpu'
  744 |       OMP_CPU_TILE_START_OUTER                                                 \
      |       ^~~~~~~~~~~~~~~~~~~~~~~~
src/bit_internal.h:644:25: note: expanded from macro 'OMP_CPU_TILE_START_OUTER'
  644 |   for (int i_b = 0; i_b < num_targets; i_b += CPU_TILE_BIT) {                  \
      |                     ~~~ ^ ~~~~~~~~~~~
src/bit.c:693:3: warning: comparison of integers of different signs: 'int' and 'unsigned int' [-Wsign-compare]
  693 |   setop_count_db_cpu(bit, bits, counts, _AND_NOT, opts);
      |   ^~~~~~~~~~~~~~~~~~~~~~~~~~~~~~~~~~~~~~~~~~~~~~~~~~~~~
src/bit_internal.h:744:7: note: expanded from macro 'setop_count_db_cpu'
  744 |       OMP_CPU_TILE_START_OUTER                                                 \
      |       ^~~~~~~~~~~~~~~~~~~~~~~~
src/bit_internal.h:645:27: note: expanded from macro 'OMP_CPU_TILE_START_OUTER'
  645 |     for (int j_b = 0; j_b < n; j_b += CPU_TILE_BITS) {                         \
      |                       ~~~ ^ ~
src/bit.c:693:3: warning: comparison of integers of different signs: 'int' and 'unsigned int' [-Wsign-compare]
  693 |   setop_count_db_cpu(bit, bits, counts, _AND_NOT, opts);
      |   ^~~~~~~~~~~~~~~~~~~~~~~~~~~~~~~~~~~~~~~~~~~~~~~~~~~~~
src/bit_internal.h:744:7: note: expanded from macro 'setop_count_db_cpu'
  744 |       OMP_CPU_TILE_START_OUTER                                                 \
      |       ^~~~~~~~~~~~~~~~~~~~~~~~
src/bit_internal.h:647:39: note: expanded from macro 'OMP_CPU_TILE_START_OUTER'
  647 |       int i_max = (i_b + CPU_TILE_BIT < num_targets) ? i_b + CPU_TILE_BIT      \
      |                    ~~~~~~~~~~~~~~~~~~ ^ ~~~~~~~~~~~
src/bit.c:693:3: warning: comparison of integers of different signs: 'int' and 'unsigned int' [-Wsign-compare]
  693 |   setop_count_db_cpu(bit, bits, counts, _AND_NOT, opts);
      |   ^~~~~~~~~~~~~~~~~~~~~~~~~~~~~~~~~~~~~~~~~~~~~~~~~~~~~
src/bit_internal.h:744:7: note: expanded from macro 'setop_count_db_cpu'
  744 |       OMP_CPU_TILE_START_OUTER                                                 \
      |       ^~~~~~~~~~~~~~~~~~~~~~~~
src/bit_internal.h:649:40: note: expanded from macro 'OMP_CPU_TILE_START_OUTER'
  649 |       int j_max = (j_b + CPU_TILE_BITS < n) ? j_b + CPU_TILE_BITS : n;         \
      |                    ~~~~~~~~~~~~~~~~~~~ ^ ~
49 warnings generated.
clang -DNOGPU -fopenmp  -Wall -Wextra -Iinclude -D_POSIX_C_SOURCE=199309L -std=c11 -fPIC -O3 -march=native -Wno-unused-function -Wno-unused-variable -Wno-unused-but-set-variable -DGPU_TILE_J=2048 -DGPU_ILP=16 -DCPU_TILE=4 -DBITVECTOR_TILE=1024 -DBUFFER_SIZE=32 -DOUTER_ROW_NUM=2 -DOUTER_COL_NUM=4 -DOUTER_VEC_BLK=2 -DBIT_SIMD_DIAGNOSTICS=1  -flto -c src/bit_gpu.c -o build/bit_gpu.o
In file included from src/bit_gpu.c:30:
In file included from src/bit_internal.h:11:
include/simde_integration.h:131:1: warning: [bit] SIMD path selected: AVX-512 (SIMDe) [-W#pragma-messages]
  131 | BIT_SIMD_PRAGMA_MESSAGE(message("[bit] SIMD path selected: AVX-512 (SIMDe)"))
      | ^
include/simde_integration.h:129:38: note: expanded from macro 'BIT_SIMD_PRAGMA_MESSAGE'
  129 | #define BIT_SIMD_PRAGMA_MESSAGE(msg) _Pragma(#msg)
      |                                      ^
<scratch space>:27:2: note: expanded from here
   27 |  message("[bit] SIMD path selected: AVX-512 (SIMDe)")
      |  ^
src/bit_gpu.c:57:3: warning: comparison of integers of different signs: 'int' and 'unsigned int' [-Wsign-compare]
   57 |   setop_count_db_cpu(bit, bits, counts, _AND, opts);
      |   ^~~~~~~~~~~~~~~~~~~~~~~~~~~~~~~~~~~~~~~~~~~~~~~~~
src/bit_internal.h:733:5: note: expanded from macro 'setop_count_db_cpu'
  733 |     OMP_CPU_TILE_START_OUTER                                                   \
      |     ^~~~~~~~~~~~~~~~~~~~~~~~
src/bit_internal.h:644:25: note: expanded from macro 'OMP_CPU_TILE_START_OUTER'
  644 |   for (int i_b = 0; i_b < num_targets; i_b += CPU_TILE_BIT) {                  \
      |                     ~~~ ^ ~~~~~~~~~~~
src/bit_gpu.c:57:3: warning: comparison of integers of different signs: 'int' and 'unsigned int' [-Wsign-compare]
   57 |   setop_count_db_cpu(bit, bits, counts, _AND, opts);
      |   ^~~~~~~~~~~~~~~~~~~~~~~~~~~~~~~~~~~~~~~~~~~~~~~~~
src/bit_internal.h:733:5: note: expanded from macro 'setop_count_db_cpu'
  733 |     OMP_CPU_TILE_START_OUTER                                                   \
      |     ^~~~~~~~~~~~~~~~~~~~~~~~
src/bit_internal.h:645:27: note: expanded from macro 'OMP_CPU_TILE_START_OUTER'
  645 |     for (int j_b = 0; j_b < n; j_b += CPU_TILE_BITS) {                         \
      |                       ~~~ ^ ~
src/bit_gpu.c:57:3: warning: comparison of integers of different signs: 'int' and 'unsigned int' [-Wsign-compare]
   57 |   setop_count_db_cpu(bit, bits, counts, _AND, opts);
      |   ^~~~~~~~~~~~~~~~~~~~~~~~~~~~~~~~~~~~~~~~~~~~~~~~~
src/bit_internal.h:733:5: note: expanded from macro 'setop_count_db_cpu'
  733 |     OMP_CPU_TILE_START_OUTER                                                   \
      |     ^~~~~~~~~~~~~~~~~~~~~~~~
src/bit_internal.h:647:39: note: expanded from macro 'OMP_CPU_TILE_START_OUTER'
  647 |       int i_max = (i_b + CPU_TILE_BIT < num_targets) ? i_b + CPU_TILE_BIT      \
      |                    ~~~~~~~~~~~~~~~~~~ ^ ~~~~~~~~~~~
src/bit_gpu.c:57:3: warning: comparison of integers of different signs: 'int' and 'unsigned int' [-Wsign-compare]
   57 |   setop_count_db_cpu(bit, bits, counts, _AND, opts);
      |   ^~~~~~~~~~~~~~~~~~~~~~~~~~~~~~~~~~~~~~~~~~~~~~~~~
src/bit_internal.h:733:5: note: expanded from macro 'setop_count_db_cpu'
  733 |     OMP_CPU_TILE_START_OUTER                                                   \
      |     ^~~~~~~~~~~~~~~~~~~~~~~~
src/bit_internal.h:649:40: note: expanded from macro 'OMP_CPU_TILE_START_OUTER'
  649 |       int j_max = (j_b + CPU_TILE_BITS < n) ? j_b + CPU_TILE_BITS : n;         \
      |                    ~~~~~~~~~~~~~~~~~~~ ^ ~
src/bit_gpu.c:57:3: warning: comparison of integers of different signs: 'int' and 'unsigned int' [-Wsign-compare]
   57 |   setop_count_db_cpu(bit, bits, counts, _AND, opts);
      |   ^~~~~~~~~~~~~~~~~~~~~~~~~~~~~~~~~~~~~~~~~~~~~~~~~
src/bit_internal.h:739:7: note: expanded from macro 'setop_count_db_cpu'
  739 |       OMP_CPU_TILE_START_OUTER                                                 \
      |       ^~~~~~~~~~~~~~~~~~~~~~~~
src/bit_internal.h:644:25: note: expanded from macro 'OMP_CPU_TILE_START_OUTER'
  644 |   for (int i_b = 0; i_b < num_targets; i_b += CPU_TILE_BIT) {                  \
      |                     ~~~ ^ ~~~~~~~~~~~
src/bit_gpu.c:57:3: warning: comparison of integers of different signs: 'int' and 'unsigned int' [-Wsign-compare]
   57 |   setop_count_db_cpu(bit, bits, counts, _AND, opts);
      |   ^~~~~~~~~~~~~~~~~~~~~~~~~~~~~~~~~~~~~~~~~~~~~~~~~
src/bit_internal.h:739:7: note: expanded from macro 'setop_count_db_cpu'
  739 |       OMP_CPU_TILE_START_OUTER                                                 \
      |       ^~~~~~~~~~~~~~~~~~~~~~~~
src/bit_internal.h:645:27: note: expanded from macro 'OMP_CPU_TILE_START_OUTER'
  645 |     for (int j_b = 0; j_b < n; j_b += CPU_TILE_BITS) {                         \
      |                       ~~~ ^ ~
src/bit_gpu.c:57:3: warning: comparison of integers of different signs: 'int' and 'unsigned int' [-Wsign-compare]
   57 |   setop_count_db_cpu(bit, bits, counts, _AND, opts);
      |   ^~~~~~~~~~~~~~~~~~~~~~~~~~~~~~~~~~~~~~~~~~~~~~~~~
src/bit_internal.h:739:7: note: expanded from macro 'setop_count_db_cpu'
  739 |       OMP_CPU_TILE_START_OUTER                                                 \
      |       ^~~~~~~~~~~~~~~~~~~~~~~~
src/bit_internal.h:647:39: note: expanded from macro 'OMP_CPU_TILE_START_OUTER'
  647 |       int i_max = (i_b + CPU_TILE_BIT < num_targets) ? i_b + CPU_TILE_BIT      \
      |                    ~~~~~~~~~~~~~~~~~~ ^ ~~~~~~~~~~~
src/bit_gpu.c:57:3: warning: comparison of integers of different signs: 'int' and 'unsigned int' [-Wsign-compare]
   57 |   setop_count_db_cpu(bit, bits, counts, _AND, opts);
      |   ^~~~~~~~~~~~~~~~~~~~~~~~~~~~~~~~~~~~~~~~~~~~~~~~~
src/bit_internal.h:739:7: note: expanded from macro 'setop_count_db_cpu'
  739 |       OMP_CPU_TILE_START_OUTER                                                 \
      |       ^~~~~~~~~~~~~~~~~~~~~~~~
src/bit_internal.h:649:40: note: expanded from macro 'OMP_CPU_TILE_START_OUTER'
  649 |       int j_max = (j_b + CPU_TILE_BITS < n) ? j_b + CPU_TILE_BITS : n;         \
      |                    ~~~~~~~~~~~~~~~~~~~ ^ ~
src/bit_gpu.c:57:3: warning: comparison of integers of different signs: 'int' and 'unsigned int' [-Wsign-compare]
   57 |   setop_count_db_cpu(bit, bits, counts, _AND, opts);
      |   ^~~~~~~~~~~~~~~~~~~~~~~~~~~~~~~~~~~~~~~~~~~~~~~~~
src/bit_internal.h:744:7: note: expanded from macro 'setop_count_db_cpu'
  744 |       OMP_CPU_TILE_START_OUTER                                                 \
      |       ^~~~~~~~~~~~~~~~~~~~~~~~
src/bit_internal.h:644:25: note: expanded from macro 'OMP_CPU_TILE_START_OUTER'
  644 |   for (int i_b = 0; i_b < num_targets; i_b += CPU_TILE_BIT) {                  \
      |                     ~~~ ^ ~~~~~~~~~~~
src/bit_gpu.c:57:3: warning: comparison of integers of different signs: 'int' and 'unsigned int' [-Wsign-compare]
   57 |   setop_count_db_cpu(bit, bits, counts, _AND, opts);
      |   ^~~~~~~~~~~~~~~~~~~~~~~~~~~~~~~~~~~~~~~~~~~~~~~~~
src/bit_internal.h:744:7: note: expanded from macro 'setop_count_db_cpu'
  744 |       OMP_CPU_TILE_START_OUTER                                                 \
      |       ^~~~~~~~~~~~~~~~~~~~~~~~
src/bit_internal.h:645:27: note: expanded from macro 'OMP_CPU_TILE_START_OUTER'
  645 |     for (int j_b = 0; j_b < n; j_b += CPU_TILE_BITS) {                         \
      |                       ~~~ ^ ~
src/bit_gpu.c:57:3: warning: comparison of integers of different signs: 'int' and 'unsigned int' [-Wsign-compare]
   57 |   setop_count_db_cpu(bit, bits, counts, _AND, opts);
      |   ^~~~~~~~~~~~~~~~~~~~~~~~~~~~~~~~~~~~~~~~~~~~~~~~~
src/bit_internal.h:744:7: note: expanded from macro 'setop_count_db_cpu'
  744 |       OMP_CPU_TILE_START_OUTER                                                 \
      |       ^~~~~~~~~~~~~~~~~~~~~~~~
src/bit_internal.h:647:39: note: expanded from macro 'OMP_CPU_TILE_START_OUTER'
  647 |       int i_max = (i_b + CPU_TILE_BIT < num_targets) ? i_b + CPU_TILE_BIT      \
      |                    ~~~~~~~~~~~~~~~~~~ ^ ~~~~~~~~~~~
src/bit_gpu.c:57:3: warning: comparison of integers of different signs: 'int' and 'unsigned int' [-Wsign-compare]
   57 |   setop_count_db_cpu(bit, bits, counts, _AND, opts);
      |   ^~~~~~~~~~~~~~~~~~~~~~~~~~~~~~~~~~~~~~~~~~~~~~~~~
src/bit_internal.h:744:7: note: expanded from macro 'setop_count_db_cpu'
  744 |       OMP_CPU_TILE_START_OUTER                                                 \
      |       ^~~~~~~~~~~~~~~~~~~~~~~~
src/bit_internal.h:649:40: note: expanded from macro 'OMP_CPU_TILE_START_OUTER'
  649 |       int j_max = (j_b + CPU_TILE_BITS < n) ? j_b + CPU_TILE_BITS : n;         \
      |                    ~~~~~~~~~~~~~~~~~~~ ^ ~
src/bit_gpu.c:78:3: warning: comparison of integers of different signs: 'int' and 'unsigned int' [-Wsign-compare]
   78 |   setop_count_db_cpu(bit, bits, counts, _OR, opts);
      |   ^~~~~~~~~~~~~~~~~~~~~~~~~~~~~~~~~~~~~~~~~~~~~~~~
src/bit_internal.h:733:5: note: expanded from macro 'setop_count_db_cpu'
  733 |     OMP_CPU_TILE_START_OUTER                                                   \
      |     ^~~~~~~~~~~~~~~~~~~~~~~~
src/bit_internal.h:644:25: note: expanded from macro 'OMP_CPU_TILE_START_OUTER'
  644 |   for (int i_b = 0; i_b < num_targets; i_b += CPU_TILE_BIT) {                  \
      |                     ~~~ ^ ~~~~~~~~~~~
src/bit_gpu.c:78:3: warning: comparison of integers of different signs: 'int' and 'unsigned int' [-Wsign-compare]
   78 |   setop_count_db_cpu(bit, bits, counts, _OR, opts);
      |   ^~~~~~~~~~~~~~~~~~~~~~~~~~~~~~~~~~~~~~~~~~~~~~~~
src/bit_internal.h:733:5: note: expanded from macro 'setop_count_db_cpu'
  733 |     OMP_CPU_TILE_START_OUTER                                                   \
      |     ^~~~~~~~~~~~~~~~~~~~~~~~
src/bit_internal.h:645:27: note: expanded from macro 'OMP_CPU_TILE_START_OUTER'
  645 |     for (int j_b = 0; j_b < n; j_b += CPU_TILE_BITS) {                         \
      |                       ~~~ ^ ~
src/bit_gpu.c:78:3: warning: comparison of integers of different signs: 'int' and 'unsigned int' [-Wsign-compare]
   78 |   setop_count_db_cpu(bit, bits, counts, _OR, opts);
      |   ^~~~~~~~~~~~~~~~~~~~~~~~~~~~~~~~~~~~~~~~~~~~~~~~
src/bit_internal.h:733:5: note: expanded from macro 'setop_count_db_cpu'
  733 |     OMP_CPU_TILE_START_OUTER                                                   \
      |     ^~~~~~~~~~~~~~~~~~~~~~~~
src/bit_internal.h:647:39: note: expanded from macro 'OMP_CPU_TILE_START_OUTER'
  647 |       int i_max = (i_b + CPU_TILE_BIT < num_targets) ? i_b + CPU_TILE_BIT      \
      |                    ~~~~~~~~~~~~~~~~~~ ^ ~~~~~~~~~~~
src/bit_gpu.c:78:3: warning: comparison of integers of different signs: 'int' and 'unsigned int' [-Wsign-compare]
   78 |   setop_count_db_cpu(bit, bits, counts, _OR, opts);
      |   ^~~~~~~~~~~~~~~~~~~~~~~~~~~~~~~~~~~~~~~~~~~~~~~~
src/bit_internal.h:733:5: note: expanded from macro 'setop_count_db_cpu'
  733 |     OMP_CPU_TILE_START_OUTER                                                   \
      |     ^~~~~~~~~~~~~~~~~~~~~~~~
src/bit_internal.h:649:40: note: expanded from macro 'OMP_CPU_TILE_START_OUTER'
  649 |       int j_max = (j_b + CPU_TILE_BITS < n) ? j_b + CPU_TILE_BITS : n;         \
      |                    ~~~~~~~~~~~~~~~~~~~ ^ ~
src/bit_gpu.c:78:3: warning: comparison of integers of different signs: 'int' and 'unsigned int' [-Wsign-compare]
   78 |   setop_count_db_cpu(bit, bits, counts, _OR, opts);
      |   ^~~~~~~~~~~~~~~~~~~~~~~~~~~~~~~~~~~~~~~~~~~~~~~~
src/bit_internal.h:739:7: note: expanded from macro 'setop_count_db_cpu'
  739 |       OMP_CPU_TILE_START_OUTER                                                 \
      |       ^~~~~~~~~~~~~~~~~~~~~~~~
src/bit_internal.h:644:25: note: expanded from macro 'OMP_CPU_TILE_START_OUTER'
  644 |   for (int i_b = 0; i_b < num_targets; i_b += CPU_TILE_BIT) {                  \
      |                     ~~~ ^ ~~~~~~~~~~~
src/bit_gpu.c:78:3: warning: comparison of integers of different signs: 'int' and 'unsigned int' [-Wsign-compare]
   78 |   setop_count_db_cpu(bit, bits, counts, _OR, opts);
      |   ^~~~~~~~~~~~~~~~~~~~~~~~~~~~~~~~~~~~~~~~~~~~~~~~
src/bit_internal.h:739:7: note: expanded from macro 'setop_count_db_cpu'
  739 |       OMP_CPU_TILE_START_OUTER                                                 \
      |       ^~~~~~~~~~~~~~~~~~~~~~~~
src/bit_internal.h:645:27: note: expanded from macro 'OMP_CPU_TILE_START_OUTER'
  645 |     for (int j_b = 0; j_b < n; j_b += CPU_TILE_BITS) {                         \
      |                       ~~~ ^ ~
src/bit_gpu.c:78:3: warning: comparison of integers of different signs: 'int' and 'unsigned int' [-Wsign-compare]
   78 |   setop_count_db_cpu(bit, bits, counts, _OR, opts);
      |   ^~~~~~~~~~~~~~~~~~~~~~~~~~~~~~~~~~~~~~~~~~~~~~~~
src/bit_internal.h:739:7: note: expanded from macro 'setop_count_db_cpu'
  739 |       OMP_CPU_TILE_START_OUTER                                                 \
      |       ^~~~~~~~~~~~~~~~~~~~~~~~
src/bit_internal.h:647:39: note: expanded from macro 'OMP_CPU_TILE_START_OUTER'
  647 |       int i_max = (i_b + CPU_TILE_BIT < num_targets) ? i_b + CPU_TILE_BIT      \
      |                    ~~~~~~~~~~~~~~~~~~ ^ ~~~~~~~~~~~
src/bit_gpu.c:78:3: warning: comparison of integers of different signs: 'int' and 'unsigned int' [-Wsign-compare]
   78 |   setop_count_db_cpu(bit, bits, counts, _OR, opts);
      |   ^~~~~~~~~~~~~~~~~~~~~~~~~~~~~~~~~~~~~~~~~~~~~~~~
src/bit_internal.h:739:7: note: expanded from macro 'setop_count_db_cpu'
  739 |       OMP_CPU_TILE_START_OUTER                                                 \
      |       ^~~~~~~~~~~~~~~~~~~~~~~~
src/bit_internal.h:649:40: note: expanded from macro 'OMP_CPU_TILE_START_OUTER'
  649 |       int j_max = (j_b + CPU_TILE_BITS < n) ? j_b + CPU_TILE_BITS : n;         \
      |                    ~~~~~~~~~~~~~~~~~~~ ^ ~
src/bit_gpu.c:78:3: warning: comparison of integers of different signs: 'int' and 'unsigned int' [-Wsign-compare]
   78 |   setop_count_db_cpu(bit, bits, counts, _OR, opts);
      |   ^~~~~~~~~~~~~~~~~~~~~~~~~~~~~~~~~~~~~~~~~~~~~~~~
src/bit_internal.h:744:7: note: expanded from macro 'setop_count_db_cpu'
  744 |       OMP_CPU_TILE_START_OUTER                                                 \
      |       ^~~~~~~~~~~~~~~~~~~~~~~~
src/bit_internal.h:644:25: note: expanded from macro 'OMP_CPU_TILE_START_OUTER'
  644 |   for (int i_b = 0; i_b < num_targets; i_b += CPU_TILE_BIT) {                  \
      |                     ~~~ ^ ~~~~~~~~~~~
src/bit_gpu.c:78:3: warning: comparison of integers of different signs: 'int' and 'unsigned int' [-Wsign-compare]
   78 |   setop_count_db_cpu(bit, bits, counts, _OR, opts);
      |   ^~~~~~~~~~~~~~~~~~~~~~~~~~~~~~~~~~~~~~~~~~~~~~~~
src/bit_internal.h:744:7: note: expanded from macro 'setop_count_db_cpu'
  744 |       OMP_CPU_TILE_START_OUTER                                                 \
      |       ^~~~~~~~~~~~~~~~~~~~~~~~
src/bit_internal.h:645:27: note: expanded from macro 'OMP_CPU_TILE_START_OUTER'
  645 |     for (int j_b = 0; j_b < n; j_b += CPU_TILE_BITS) {                         \
      |                       ~~~ ^ ~
src/bit_gpu.c:78:3: warning: comparison of integers of different signs: 'int' and 'unsigned int' [-Wsign-compare]
   78 |   setop_count_db_cpu(bit, bits, counts, _OR, opts);
      |   ^~~~~~~~~~~~~~~~~~~~~~~~~~~~~~~~~~~~~~~~~~~~~~~~
src/bit_internal.h:744:7: note: expanded from macro 'setop_count_db_cpu'
  744 |       OMP_CPU_TILE_START_OUTER                                                 \
      |       ^~~~~~~~~~~~~~~~~~~~~~~~
src/bit_internal.h:647:39: note: expanded from macro 'OMP_CPU_TILE_START_OUTER'
  647 |       int i_max = (i_b + CPU_TILE_BIT < num_targets) ? i_b + CPU_TILE_BIT      \
      |                    ~~~~~~~~~~~~~~~~~~ ^ ~~~~~~~~~~~
src/bit_gpu.c:78:3: warning: comparison of integers of different signs: 'int' and 'unsigned int' [-Wsign-compare]
   78 |   setop_count_db_cpu(bit, bits, counts, _OR, opts);
      |   ^~~~~~~~~~~~~~~~~~~~~~~~~~~~~~~~~~~~~~~~~~~~~~~~
src/bit_internal.h:744:7: note: expanded from macro 'setop_count_db_cpu'
  744 |       OMP_CPU_TILE_START_OUTER                                                 \
      |       ^~~~~~~~~~~~~~~~~~~~~~~~
src/bit_internal.h:649:40: note: expanded from macro 'OMP_CPU_TILE_START_OUTER'
  649 |       int j_max = (j_b + CPU_TILE_BITS < n) ? j_b + CPU_TILE_BITS : n;         \
      |                    ~~~~~~~~~~~~~~~~~~~ ^ ~
src/bit_gpu.c:99:3: warning: comparison of integers of different signs: 'int' and 'unsigned int' [-Wsign-compare]
   99 |   setop_count_db_cpu(bit, bits, counts, _XOR, opts);
      |   ^~~~~~~~~~~~~~~~~~~~~~~~~~~~~~~~~~~~~~~~~~~~~~~~~
src/bit_internal.h:733:5: note: expanded from macro 'setop_count_db_cpu'
  733 |     OMP_CPU_TILE_START_OUTER                                                   \
      |     ^~~~~~~~~~~~~~~~~~~~~~~~
src/bit_internal.h:644:25: note: expanded from macro 'OMP_CPU_TILE_START_OUTER'
  644 |   for (int i_b = 0; i_b < num_targets; i_b += CPU_TILE_BIT) {                  \
      |                     ~~~ ^ ~~~~~~~~~~~
src/bit_gpu.c:99:3: warning: comparison of integers of different signs: 'int' and 'unsigned int' [-Wsign-compare]
   99 |   setop_count_db_cpu(bit, bits, counts, _XOR, opts);
      |   ^~~~~~~~~~~~~~~~~~~~~~~~~~~~~~~~~~~~~~~~~~~~~~~~~
src/bit_internal.h:733:5: note: expanded from macro 'setop_count_db_cpu'
  733 |     OMP_CPU_TILE_START_OUTER                                                   \
      |     ^~~~~~~~~~~~~~~~~~~~~~~~
src/bit_internal.h:645:27: note: expanded from macro 'OMP_CPU_TILE_START_OUTER'
  645 |     for (int j_b = 0; j_b < n; j_b += CPU_TILE_BITS) {                         \
      |                       ~~~ ^ ~
src/bit_gpu.c:99:3: warning: comparison of integers of different signs: 'int' and 'unsigned int' [-Wsign-compare]
   99 |   setop_count_db_cpu(bit, bits, counts, _XOR, opts);
      |   ^~~~~~~~~~~~~~~~~~~~~~~~~~~~~~~~~~~~~~~~~~~~~~~~~
src/bit_internal.h:733:5: note: expanded from macro 'setop_count_db_cpu'
  733 |     OMP_CPU_TILE_START_OUTER                                                   \
      |     ^~~~~~~~~~~~~~~~~~~~~~~~
src/bit_internal.h:647:39: note: expanded from macro 'OMP_CPU_TILE_START_OUTER'
  647 |       int i_max = (i_b + CPU_TILE_BIT < num_targets) ? i_b + CPU_TILE_BIT      \
      |                    ~~~~~~~~~~~~~~~~~~ ^ ~~~~~~~~~~~
src/bit_gpu.c:99:3: warning: comparison of integers of different signs: 'int' and 'unsigned int' [-Wsign-compare]
   99 |   setop_count_db_cpu(bit, bits, counts, _XOR, opts);
      |   ^~~~~~~~~~~~~~~~~~~~~~~~~~~~~~~~~~~~~~~~~~~~~~~~~
src/bit_internal.h:733:5: note: expanded from macro 'setop_count_db_cpu'
  733 |     OMP_CPU_TILE_START_OUTER                                                   \
      |     ^~~~~~~~~~~~~~~~~~~~~~~~
src/bit_internal.h:649:40: note: expanded from macro 'OMP_CPU_TILE_START_OUTER'
  649 |       int j_max = (j_b + CPU_TILE_BITS < n) ? j_b + CPU_TILE_BITS : n;         \
      |                    ~~~~~~~~~~~~~~~~~~~ ^ ~
src/bit_gpu.c:99:3: warning: comparison of integers of different signs: 'int' and 'unsigned int' [-Wsign-compare]
   99 |   setop_count_db_cpu(bit, bits, counts, _XOR, opts);
      |   ^~~~~~~~~~~~~~~~~~~~~~~~~~~~~~~~~~~~~~~~~~~~~~~~~
src/bit_internal.h:739:7: note: expanded from macro 'setop_count_db_cpu'
  739 |       OMP_CPU_TILE_START_OUTER                                                 \
      |       ^~~~~~~~~~~~~~~~~~~~~~~~
src/bit_internal.h:644:25: note: expanded from macro 'OMP_CPU_TILE_START_OUTER'
  644 |   for (int i_b = 0; i_b < num_targets; i_b += CPU_TILE_BIT) {                  \
      |                     ~~~ ^ ~~~~~~~~~~~
src/bit_gpu.c:99:3: warning: comparison of integers of different signs: 'int' and 'unsigned int' [-Wsign-compare]
   99 |   setop_count_db_cpu(bit, bits, counts, _XOR, opts);
      |   ^~~~~~~~~~~~~~~~~~~~~~~~~~~~~~~~~~~~~~~~~~~~~~~~~
src/bit_internal.h:739:7: note: expanded from macro 'setop_count_db_cpu'
  739 |       OMP_CPU_TILE_START_OUTER                                                 \
      |       ^~~~~~~~~~~~~~~~~~~~~~~~
src/bit_internal.h:645:27: note: expanded from macro 'OMP_CPU_TILE_START_OUTER'
  645 |     for (int j_b = 0; j_b < n; j_b += CPU_TILE_BITS) {                         \
      |                       ~~~ ^ ~
src/bit_gpu.c:99:3: warning: comparison of integers of different signs: 'int' and 'unsigned int' [-Wsign-compare]
   99 |   setop_count_db_cpu(bit, bits, counts, _XOR, opts);
      |   ^~~~~~~~~~~~~~~~~~~~~~~~~~~~~~~~~~~~~~~~~~~~~~~~~
src/bit_internal.h:739:7: note: expanded from macro 'setop_count_db_cpu'
  739 |       OMP_CPU_TILE_START_OUTER                                                 \
      |       ^~~~~~~~~~~~~~~~~~~~~~~~
src/bit_internal.h:647:39: note: expanded from macro 'OMP_CPU_TILE_START_OUTER'
  647 |       int i_max = (i_b + CPU_TILE_BIT < num_targets) ? i_b + CPU_TILE_BIT      \
      |                    ~~~~~~~~~~~~~~~~~~ ^ ~~~~~~~~~~~
src/bit_gpu.c:99:3: warning: comparison of integers of different signs: 'int' and 'unsigned int' [-Wsign-compare]
   99 |   setop_count_db_cpu(bit, bits, counts, _XOR, opts);
      |   ^~~~~~~~~~~~~~~~~~~~~~~~~~~~~~~~~~~~~~~~~~~~~~~~~
src/bit_internal.h:739:7: note: expanded from macro 'setop_count_db_cpu'
  739 |       OMP_CPU_TILE_START_OUTER                                                 \
      |       ^~~~~~~~~~~~~~~~~~~~~~~~
src/bit_internal.h:649:40: note: expanded from macro 'OMP_CPU_TILE_START_OUTER'
  649 |       int j_max = (j_b + CPU_TILE_BITS < n) ? j_b + CPU_TILE_BITS : n;         \
      |                    ~~~~~~~~~~~~~~~~~~~ ^ ~
src/bit_gpu.c:99:3: warning: comparison of integers of different signs: 'int' and 'unsigned int' [-Wsign-compare]
   99 |   setop_count_db_cpu(bit, bits, counts, _XOR, opts);
      |   ^~~~~~~~~~~~~~~~~~~~~~~~~~~~~~~~~~~~~~~~~~~~~~~~~
src/bit_internal.h:744:7: note: expanded from macro 'setop_count_db_cpu'
  744 |       OMP_CPU_TILE_START_OUTER                                                 \
      |       ^~~~~~~~~~~~~~~~~~~~~~~~
src/bit_internal.h:644:25: note: expanded from macro 'OMP_CPU_TILE_START_OUTER'
  644 |   for (int i_b = 0; i_b < num_targets; i_b += CPU_TILE_BIT) {                  \
      |                     ~~~ ^ ~~~~~~~~~~~
src/bit_gpu.c:99:3: warning: comparison of integers of different signs: 'int' and 'unsigned int' [-Wsign-compare]
   99 |   setop_count_db_cpu(bit, bits, counts, _XOR, opts);
      |   ^~~~~~~~~~~~~~~~~~~~~~~~~~~~~~~~~~~~~~~~~~~~~~~~~
src/bit_internal.h:744:7: note: expanded from macro 'setop_count_db_cpu'
  744 |       OMP_CPU_TILE_START_OUTER                                                 \
      |       ^~~~~~~~~~~~~~~~~~~~~~~~
src/bit_internal.h:645:27: note: expanded from macro 'OMP_CPU_TILE_START_OUTER'
  645 |     for (int j_b = 0; j_b < n; j_b += CPU_TILE_BITS) {                         \
      |                       ~~~ ^ ~
src/bit_gpu.c:99:3: warning: comparison of integers of different signs: 'int' and 'unsigned int' [-Wsign-compare]
   99 |   setop_count_db_cpu(bit, bits, counts, _XOR, opts);
      |   ^~~~~~~~~~~~~~~~~~~~~~~~~~~~~~~~~~~~~~~~~~~~~~~~~
src/bit_internal.h:744:7: note: expanded from macro 'setop_count_db_cpu'
  744 |       OMP_CPU_TILE_START_OUTER                                                 \
      |       ^~~~~~~~~~~~~~~~~~~~~~~~
src/bit_internal.h:647:39: note: expanded from macro 'OMP_CPU_TILE_START_OUTER'
  647 |       int i_max = (i_b + CPU_TILE_BIT < num_targets) ? i_b + CPU_TILE_BIT      \
      |                    ~~~~~~~~~~~~~~~~~~ ^ ~~~~~~~~~~~
src/bit_gpu.c:99:3: warning: comparison of integers of different signs: 'int' and 'unsigned int' [-Wsign-compare]
   99 |   setop_count_db_cpu(bit, bits, counts, _XOR, opts);
      |   ^~~~~~~~~~~~~~~~~~~~~~~~~~~~~~~~~~~~~~~~~~~~~~~~~
src/bit_internal.h:744:7: note: expanded from macro 'setop_count_db_cpu'
  744 |       OMP_CPU_TILE_START_OUTER                                                 \
      |       ^~~~~~~~~~~~~~~~~~~~~~~~
src/bit_internal.h:649:40: note: expanded from macro 'OMP_CPU_TILE_START_OUTER'
  649 |       int j_max = (j_b + CPU_TILE_BITS < n) ? j_b + CPU_TILE_BITS : n;         \
      |                    ~~~~~~~~~~~~~~~~~~~ ^ ~
src/bit_gpu.c:120:3: warning: comparison of integers of different signs: 'int' and 'unsigned int' [-Wsign-compare]
  120 |   setop_count_db_cpu(bit, bits, counts, _AND_NOT, opts);
      |   ^~~~~~~~~~~~~~~~~~~~~~~~~~~~~~~~~~~~~~~~~~~~~~~~~~~~~
src/bit_internal.h:733:5: note: expanded from macro 'setop_count_db_cpu'
  733 |     OMP_CPU_TILE_START_OUTER                                                   \
      |     ^~~~~~~~~~~~~~~~~~~~~~~~
src/bit_internal.h:644:25: note: expanded from macro 'OMP_CPU_TILE_START_OUTER'
  644 |   for (int i_b = 0; i_b < num_targets; i_b += CPU_TILE_BIT) {                  \
      |                     ~~~ ^ ~~~~~~~~~~~
src/bit_gpu.c:120:3: warning: comparison of integers of different signs: 'int' and 'unsigned int' [-Wsign-compare]
  120 |   setop_count_db_cpu(bit, bits, counts, _AND_NOT, opts);
      |   ^~~~~~~~~~~~~~~~~~~~~~~~~~~~~~~~~~~~~~~~~~~~~~~~~~~~~
src/bit_internal.h:733:5: note: expanded from macro 'setop_count_db_cpu'
  733 |     OMP_CPU_TILE_START_OUTER                                                   \
      |     ^~~~~~~~~~~~~~~~~~~~~~~~
src/bit_internal.h:645:27: note: expanded from macro 'OMP_CPU_TILE_START_OUTER'
  645 |     for (int j_b = 0; j_b < n; j_b += CPU_TILE_BITS) {                         \
      |                       ~~~ ^ ~
src/bit_gpu.c:120:3: warning: comparison of integers of different signs: 'int' and 'unsigned int' [-Wsign-compare]
  120 |   setop_count_db_cpu(bit, bits, counts, _AND_NOT, opts);
      |   ^~~~~~~~~~~~~~~~~~~~~~~~~~~~~~~~~~~~~~~~~~~~~~~~~~~~~
src/bit_internal.h:733:5: note: expanded from macro 'setop_count_db_cpu'
  733 |     OMP_CPU_TILE_START_OUTER                                                   \
      |     ^~~~~~~~~~~~~~~~~~~~~~~~
src/bit_internal.h:647:39: note: expanded from macro 'OMP_CPU_TILE_START_OUTER'
  647 |       int i_max = (i_b + CPU_TILE_BIT < num_targets) ? i_b + CPU_TILE_BIT      \
      |                    ~~~~~~~~~~~~~~~~~~ ^ ~~~~~~~~~~~
src/bit_gpu.c:120:3: warning: comparison of integers of different signs: 'int' and 'unsigned int' [-Wsign-compare]
  120 |   setop_count_db_cpu(bit, bits, counts, _AND_NOT, opts);
      |   ^~~~~~~~~~~~~~~~~~~~~~~~~~~~~~~~~~~~~~~~~~~~~~~~~~~~~
src/bit_internal.h:733:5: note: expanded from macro 'setop_count_db_cpu'
  733 |     OMP_CPU_TILE_START_OUTER                                                   \
      |     ^~~~~~~~~~~~~~~~~~~~~~~~
src/bit_internal.h:649:40: note: expanded from macro 'OMP_CPU_TILE_START_OUTER'
  649 |       int j_max = (j_b + CPU_TILE_BITS < n) ? j_b + CPU_TILE_BITS : n;         \
      |                    ~~~~~~~~~~~~~~~~~~~ ^ ~
src/bit_gpu.c:120:3: warning: comparison of integers of different signs: 'int' and 'unsigned int' [-Wsign-compare]
  120 |   setop_count_db_cpu(bit, bits, counts, _AND_NOT, opts);
      |   ^~~~~~~~~~~~~~~~~~~~~~~~~~~~~~~~~~~~~~~~~~~~~~~~~~~~~
src/bit_internal.h:739:7: note: expanded from macro 'setop_count_db_cpu'
  739 |       OMP_CPU_TILE_START_OUTER                                                 \
      |       ^~~~~~~~~~~~~~~~~~~~~~~~
src/bit_internal.h:644:25: note: expanded from macro 'OMP_CPU_TILE_START_OUTER'
  644 |   for (int i_b = 0; i_b < num_targets; i_b += CPU_TILE_BIT) {                  \
      |                     ~~~ ^ ~~~~~~~~~~~
src/bit_gpu.c:120:3: warning: comparison of integers of different signs: 'int' and 'unsigned int' [-Wsign-compare]
  120 |   setop_count_db_cpu(bit, bits, counts, _AND_NOT, opts);
      |   ^~~~~~~~~~~~~~~~~~~~~~~~~~~~~~~~~~~~~~~~~~~~~~~~~~~~~
src/bit_internal.h:739:7: note: expanded from macro 'setop_count_db_cpu'
  739 |       OMP_CPU_TILE_START_OUTER                                                 \
      |       ^~~~~~~~~~~~~~~~~~~~~~~~
src/bit_internal.h:645:27: note: expanded from macro 'OMP_CPU_TILE_START_OUTER'
  645 |     for (int j_b = 0; j_b < n; j_b += CPU_TILE_BITS) {                         \
      |                       ~~~ ^ ~
src/bit_gpu.c:120:3: warning: comparison of integers of different signs: 'int' and 'unsigned int' [-Wsign-compare]
  120 |   setop_count_db_cpu(bit, bits, counts, _AND_NOT, opts);
      |   ^~~~~~~~~~~~~~~~~~~~~~~~~~~~~~~~~~~~~~~~~~~~~~~~~~~~~
src/bit_internal.h:739:7: note: expanded from macro 'setop_count_db_cpu'
  739 |       OMP_CPU_TILE_START_OUTER                                                 \
      |       ^~~~~~~~~~~~~~~~~~~~~~~~
src/bit_internal.h:647:39: note: expanded from macro 'OMP_CPU_TILE_START_OUTER'
  647 |       int i_max = (i_b + CPU_TILE_BIT < num_targets) ? i_b + CPU_TILE_BIT      \
      |                    ~~~~~~~~~~~~~~~~~~ ^ ~~~~~~~~~~~
src/bit_gpu.c:120:3: warning: comparison of integers of different signs: 'int' and 'unsigned int' [-Wsign-compare]
  120 |   setop_count_db_cpu(bit, bits, counts, _AND_NOT, opts);
      |   ^~~~~~~~~~~~~~~~~~~~~~~~~~~~~~~~~~~~~~~~~~~~~~~~~~~~~
src/bit_internal.h:739:7: note: expanded from macro 'setop_count_db_cpu'
  739 |       OMP_CPU_TILE_START_OUTER                                                 \
      |       ^~~~~~~~~~~~~~~~~~~~~~~~
src/bit_internal.h:649:40: note: expanded from macro 'OMP_CPU_TILE_START_OUTER'
  649 |       int j_max = (j_b + CPU_TILE_BITS < n) ? j_b + CPU_TILE_BITS : n;         \
      |                    ~~~~~~~~~~~~~~~~~~~ ^ ~
src/bit_gpu.c:120:3: warning: comparison of integers of different signs: 'int' and 'unsigned int' [-Wsign-compare]
  120 |   setop_count_db_cpu(bit, bits, counts, _AND_NOT, opts);
      |   ^~~~~~~~~~~~~~~~~~~~~~~~~~~~~~~~~~~~~~~~~~~~~~~~~~~~~
src/bit_internal.h:744:7: note: expanded from macro 'setop_count_db_cpu'
  744 |       OMP_CPU_TILE_START_OUTER                                                 \
      |       ^~~~~~~~~~~~~~~~~~~~~~~~
src/bit_internal.h:644:25: note: expanded from macro 'OMP_CPU_TILE_START_OUTER'
  644 |   for (int i_b = 0; i_b < num_targets; i_b += CPU_TILE_BIT) {                  \
      |                     ~~~ ^ ~~~~~~~~~~~
src/bit_gpu.c:120:3: warning: comparison of integers of different signs: 'int' and 'unsigned int' [-Wsign-compare]
  120 |   setop_count_db_cpu(bit, bits, counts, _AND_NOT, opts);
      |   ^~~~~~~~~~~~~~~~~~~~~~~~~~~~~~~~~~~~~~~~~~~~~~~~~~~~~
src/bit_internal.h:744:7: note: expanded from macro 'setop_count_db_cpu'
  744 |       OMP_CPU_TILE_START_OUTER                                                 \
      |       ^~~~~~~~~~~~~~~~~~~~~~~~
src/bit_internal.h:645:27: note: expanded from macro 'OMP_CPU_TILE_START_OUTER'
  645 |     for (int j_b = 0; j_b < n; j_b += CPU_TILE_BITS) {                         \
      |                       ~~~ ^ ~
src/bit_gpu.c:120:3: warning: comparison of integers of different signs: 'int' and 'unsigned int' [-Wsign-compare]
  120 |   setop_count_db_cpu(bit, bits, counts, _AND_NOT, opts);
      |   ^~~~~~~~~~~~~~~~~~~~~~~~~~~~~~~~~~~~~~~~~~~~~~~~~~~~~
src/bit_internal.h:744:7: note: expanded from macro 'setop_count_db_cpu'
  744 |       OMP_CPU_TILE_START_OUTER                                                 \
      |       ^~~~~~~~~~~~~~~~~~~~~~~~
src/bit_internal.h:647:39: note: expanded from macro 'OMP_CPU_TILE_START_OUTER'
  647 |       int i_max = (i_b + CPU_TILE_BIT < num_targets) ? i_b + CPU_TILE_BIT      \
      |                    ~~~~~~~~~~~~~~~~~~ ^ ~~~~~~~~~~~
src/bit_gpu.c:120:3: warning: comparison of integers of different signs: 'int' and 'unsigned int' [-Wsign-compare]
  120 |   setop_count_db_cpu(bit, bits, counts, _AND_NOT, opts);
      |   ^~~~~~~~~~~~~~~~~~~~~~~~~~~~~~~~~~~~~~~~~~~~~~~~~~~~~
src/bit_internal.h:744:7: note: expanded from macro 'setop_count_db_cpu'
  744 |       OMP_CPU_TILE_START_OUTER                                                 \
      |       ^~~~~~~~~~~~~~~~~~~~~~~~
src/bit_internal.h:649:40: note: expanded from macro 'OMP_CPU_TILE_START_OUTER'
  649 |       int j_max = (j_b + CPU_TILE_BITS < n) ? j_b + CPU_TILE_BITS : n;         \
      |                    ~~~~~~~~~~~~~~~~~~~ ^ ~
49 warnings generated.
clang -DNOGPU -fopenmp  -Wall -Wextra -Iinclude -D_POSIX_C_SOURCE=199309L -std=c11 -fPIC -O3 -march=native -Wno-unused-function -Wno-unused-variable -Wno-unused-but-set-variable -DGPU_TILE_J=2048 -DGPU_ILP=16 -DCPU_TILE=4 -DBITVECTOR_TILE=1024 -DBUFFER_SIZE=32 -DOUTER_ROW_NUM=2 -DOUTER_COL_NUM=4 -DOUTER_VEC_BLK=2 -DBIT_SIMD_DIAGNOSTICS=1  -flto -shared -o build/libbit.so build/bit.o build/bit_gpu.o -Wl,-rpath,/home/chrisarg/software-dev/Bit/build
clang -DNOGPU -fopenmp -Wall -Wextra -Iinclude -D_POSIX_C_SOURCE=199309L -std=c11 -fPIC -O3 -march=native -Wno-unused-function -Wno-unused-variable -Wno-unused-but-set-variable -DGPU_TILE_J=2048 -DGPU_ILP=16 -DCPU_TILE=4 -DBITVECTOR_TILE=1024 -DBUFFER_SIZE=32 -DOUTER_ROW_NUM=2 -DOUTER_COL_NUM=4 -DOUTER_VEC_BLK=2 -DBIT_SIMD_DIAGNOSTICS=1  -flto -DUSE_LIBPOPCNT=0 -DBUFFER_SIZE=32 -DBITVECTOR_TILE=1024 -o build/openmp_bit_nogpu build/openmp_bit_nogpu.o \
  build/openmp_bit_helpers.o -Lbuild -lbit -Wl,-rpath,/home/chrisarg/software-dev/Bit/build -lm -lrt
clang -DNOGPU -fopenmp -Wall -Wextra -Iinclude -D_POSIX_C_SOURCE=199309L -std=c11 -fPIC -O3 -march=native -Wno-unused-function -Wno-unused-variable -Wno-unused-but-set-variable -DGPU_TILE_J=2048 -DGPU_ILP=16 -DCPU_TILE=4 -DBITVECTOR_TILE=1024 -DBUFFER_SIZE=32 -DOUTER_ROW_NUM=2 -DOUTER_COL_NUM=4 -DOUTER_VEC_BLK=2 -DBIT_SIMD_DIAGNOSTICS=1  -flto -DUSE_LIBPOPCNT=0 -DBUFFER_SIZE=32 -DBITVECTOR_TILE=1024 -c benchmark/openmp_bit_container.c -o build/openmp_bit_container.o
clang -DNOGPU -fopenmp -Wall -Wextra -Iinclude -D_POSIX_C_SOURCE=199309L -std=c11 -fPIC -O3 -march=native -Wno-unused-function -Wno-unused-variable -Wno-unused-but-set-variable -DGPU_TILE_J=2048 -DGPU_ILP=16 -DCPU_TILE=4 -DBITVECTOR_TILE=1024 -DBUFFER_SIZE=32 -DOUTER_ROW_NUM=2 -DOUTER_COL_NUM=4 -DOUTER_VEC_BLK=2 -DBIT_SIMD_DIAGNOSTICS=1  -flto -DUSE_LIBPOPCNT=0 -DBUFFER_SIZE=32 -DBITVECTOR_TILE=1024 -o build/openmp_bit_container build/openmp_bit_container.o \
  -Lbuild -lbit -Wl,-rpath,/home/chrisarg/software-dev/Bit/build -lm -lrt
rm build/.config.stamp
